{"error":"Cannot find module '../config/firebase-service-account.json'\nRequire stack:\n- C:\\corporate_2\\Online-Corporate-Travel-Desk-\\server\\src\\services\\notificationDispatcher.service.js\n- C:\\corporate_2\\Online-Corporate-Travel-Desk-\\server\\src\\utils\\notificationService.js\n- C:\\corporate_2\\Online-Corporate-Travel-Desk-\\server\\src\\services\\notification.service.js\n- C:\\corporate_2\\Online-Corporate-Travel-Desk-\\server\\src\\controllers\\approval.controller.js\n- C:\\corporate_2\\Online-Corporate-Travel-Desk-\\[eval]","level":"warn","message":"Firebase Admin initialization failed. Push notifications will be disabled.","timestamp":"2026-06-11 15:12:40"}
{"error":"Cannot find module '../config/firebase-service-account.json'\nRequire stack:\n- C:\\corporate_2\\Online-Corporate-Travel-Desk-\\server\\src\\services\\notificationDispatcher.service.js\n- C:\\corporate_2\\Online-Corporate-Travel-Desk-\\server\\src\\utils\\notificationService.js\n- C:\\corporate_2\\Online-Corporate-Travel-Desk-\\server\\src\\services\\notification.service.js\n- C:\\corporate_2\\Online-Corporate-Travel-Desk-\\server\\src\\controllers\\approval.controller.js\n- C:\\corporate_2\\Online-Corporate-Travel-Desk-\\server\\src\\routes\\approval.routes.js\n- C:\\corporate_2\\Online-Corporate-Travel-Desk-\\[eval]","level":"warn","message":"Firebase Admin initialization failed. Push notifications will be disabled.","timestamp":"2026-06-11 15:12:49"}
{"level":"error","message":"[Redis] Error:","timestamp":"2026-06-11 15:12:53"}
{"level":"error","message":"[Redis] Error:","timestamp":"2026-06-11 15:12:54"}
{"level":"error","message":"[Redis] Error:","timestamp":"2026-06-11 15:12:55"}
{"level":"error","message":"[Redis] Error:","timestamp":"2026-06-11 15:12:56"}
{"level":"error","message":"[Redis] Error:","timestamp":"2026-06-11 15:12:58"}
{"level":"error","message":"[Redis] Error:","timestamp":"2026-06-11 15:13:01"}
{"error":"Cannot find module '../config/firebase-service-account.json'\nRequire stack:\n- C:\\corporate_2\\Online-Corporate-Travel-Desk-\\server\\src\\services\\notificationDispatcher.service.js\n- C:\\corporate_2\\Online-Corporate-Travel-Desk-\\server\\src\\utils\\notificationService.js\n- C:\\corporate_2\\Online-Corporate-Travel-Desk-\\server\\src\\notifications\\orchestrator.js\n- C:\\corporate_2\\Online-Corporate-Travel-Desk-\\server\\src\\modules\\servicing\\reissue\\services\\reissueNotification.service.js\n- C:\\corporate_2\\Online-Corporate-Travel-Desk-\\server\\src\\modules\\servicing\\reissue\\services\\reissueWorkflow.service.js\n- C:\\corporate_2\\Online-Corporate-Travel-Desk-\\[eval]","level":"warn","message":"Firebase Admin initialization failed. Push notifications will be disabled.","timestamp":"2026-06-11 15:13:10"}
{"level":"error","message":"[Redis] Error:","timestamp":"2026-06-11 15:13:11"}
{"level":"error","message":"[Redis] Error:","timestamp":"2026-06-11 15:13:11"}
{"level":"error","message":"[Redis] Error:","timestamp":"2026-06-11 15:13:12"}
{"level":"error","message":"[Redis] Error:","timestamp":"2026-06-11 15:13:14"}
{"level":"error","message":"[Redis] Error:","timestamp":"2026-06-11 15:13:16"}
{"level":"error","message":"[Redis] Error:","timestamp":"2026-06-11 15:13:18"}
{"error":"Cannot find module '../config/firebase-service-account.json'\nRequire stack:\n- C:\\corporate_2\\Online-Corporate-Travel-Desk-\\server\\src\\services\\notificationDispatcher.service.js\n- C:\\corporate_2\\Online-Corporate-Travel-Desk-\\server\\src\\utils\\notificationService.js\n- C:\\corporate_2\\Online-Corporate-Travel-Desk-\\server\\src\\services\\notification.service.js\n- C:\\corporate_2\\Online-Corporate-Travel-Desk-\\server\\src\\controllers\\approval.controller.js\n- C:\\corporate_2\\Online-Corporate-Travel-Desk-\\[eval]","level":"warn","message":"Firebase Admin initialization failed. Push notifications will be disabled.","timestamp":"2026-06-11 16:54:57"}
{"error":"Cannot find module '../config/firebase-service-account.json'\nRequire stack:\n- C:\\corporate_2\\Online-Corporate-Travel-Desk-\\server\\src\\services\\notificationDispatcher.service.js\n- C:\\corporate_2\\Online-Corporate-Travel-Desk-\\server\\src\\utils\\notificationService.js\n- C:\\corporate_2\\Online-Corporate-Travel-Desk-\\server\\src\\services\\notification.service.js\n- C:\\corporate_2\\Online-Corporate-Travel-Desk-\\server\\src\\controllers\\approval.controller.js\n- C:\\corporate_2\\Online-Corporate-Travel-Desk-\\[eval]","level":"warn","message":"Firebase Admin initialization failed. Push notifications will be disabled.","timestamp":"2026-06-11 17:10:26"}
{"error":"Cannot find module '../config/firebase-service-account.json'\nRequire stack:\n- C:\\corporate_2\\Online-Corporate-Travel-Desk-\\server\\src\\services\\notificationDispatcher.service.js\n- C:\\corporate_2\\Online-Corporate-Travel-Desk-\\server\\src\\utils\\notificationService.js\n- C:\\corporate_2\\Online-Corporate-Travel-Desk-\\server\\src\\modules\\ops\\services\\roundRobinAssignment.service.js\n- C:\\corporate_2\\Online-Corporate-Travel-Desk-\\server\\src\\controllers\\flightAmendment.controller.js\n- C:\\corporate_2\\Online-Corporate-Travel-Desk-\\[eval]","level":"warn","message":"Firebase Admin initialization failed. Push notifications will be disabled.","timestamp":"2026-06-11 17:10:33"}
{"error":"Cannot find module '../config/firebase-service-account.json'\nRequire stack:\n- C:\\corporate_2\\Online-Corporate-Travel-Desk-\\server\\src\\services\\notificationDispatcher.service.js\n- C:\\corporate_2\\Online-Corporate-Travel-Desk-\\server\\src\\utils\\notificationService.js\n- C:\\corporate_2\\Online-Corporate-Travel-Desk-\\server\\src\\services\\notification.service.js\n- C:\\corporate_2\\Online-Corporate-Travel-Desk-\\server\\src\\controllers\\booking.controller.js\n- C:\\corporate_2\\Online-Corporate-Travel-Desk-\\[eval]","level":"warn","message":"Firebase Admin initialization failed. Push notifications will be disabled.","timestamp":"2026-06-11 17:14:55"}
{"level":"error","message":"[Redis] Error:","timestamp":"2026-06-11 17:14:55"}
{"level":"error","message":"[Redis] Error:","timestamp":"2026-06-11 17:14:56"}
{"level":"error","message":"[Redis] Error:","timestamp":"2026-06-11 17:14:57"}
{"level":"error","message":"[Redis] Error:","timestamp":"2026-06-11 17:14:58"}
{"level":"error","message":"[Redis] Error:","timestamp":"2026-06-11 17:15:00"}
{"level":"error","message":"[Redis] Error:","timestamp":"2026-06-11 17:15:03"}
{"error":"Cannot find module '../config/firebase-service-account.json'\nRequire stack:\n- C:\\corporate_2\\Online-Corporate-Travel-Desk-\\server\\src\\services\\notificationDispatcher.service.js\n- C:\\corporate_2\\Online-Corporate-Travel-Desk-\\server\\src\\utils\\notificationService.js\n- C:\\corporate_2\\Online-Corporate-Travel-Desk-\\server\\src\\services\\notification.service.js\n- C:\\corporate_2\\Online-Corporate-Travel-Desk-\\server\\src\\controllers\\booking.controller.js\n- C:\\corporate_2\\Online-Corporate-Travel-Desk-\\[eval]","level":"warn","message":"Firebase Admin initialization failed. Push notifications will be disabled.","timestamp":"2026-06-11 17:16:37"}
{"level":"error","message":"[Redis] Error:","timestamp":"2026-06-11 17:16:38"}
{"level":"error","message":"[Redis] Error:","timestamp":"2026-06-11 17:16:38"}
{"level":"error","message":"[Redis] Error:","timestamp":"2026-06-11 17:16:39"}
{"level":"error","message":"[Redis] Error:","timestamp":"2026-06-11 17:16:41"}
{"level":"error","message":"[Redis] Error:","timestamp":"2026-06-11 17:16:43"}
{"level":"error","message":"[Redis] Error:","timestamp":"2026-06-11 17:16:45"}
{"error":"Cannot find module '../config/firebase-service-account.json'\nRequire stack:\n- C:\\corporate_2\\Online-Corporate-Travel-Desk-\\server\\src\\services\\notificationDispatcher.service.js\n- C:\\corporate_2\\Online-Corporate-Travel-Desk-\\server\\src\\utils\\notificationService.js\n- C:\\corporate_2\\Online-Corporate-Travel-Desk-\\server\\src\\services\\notification.service.js\n- C:\\corporate_2\\Online-Corporate-Travel-Desk-\\server\\src\\controllers\\approval.controller.js\n- C:\\corporate_2\\Online-Corporate-Travel-Desk-\\[eval]","level":"warn","message":"Firebase Admin initialization failed. Push notifications will be disabled.","timestamp":"2026-06-11 17:16:56"}
{"level":"error","message":"[Redis] Error:","timestamp":"2026-06-11 17:16:57"}
{"level":"error","message":"[Redis] Error:","timestamp":"2026-06-11 17:16:58"}
{"level":"error","message":"[Redis] Error:","timestamp":"2026-06-11 17:16:59"}
{"level":"error","message":"[Redis] Error:","timestamp":"2026-06-11 17:17:00"}
{"level":"error","message":"[Redis] Error:","timestamp":"2026-06-11 17:17:02"}
{"level":"error","message":"[Redis] Error:","timestamp":"2026-06-11 17:17:05"}
{"error":"Cannot find module '../config/firebase-service-account.json'\nRequire stack:\n- C:\\corporate_2\\Online-Corporate-Travel-Desk-\\server\\src\\services\\notificationDispatcher.service.js\n- C:\\corporate_2\\Online-Corporate-Travel-Desk-\\server\\src\\utils\\notificationService.js\n- C:\\corporate_2\\Online-Corporate-Travel-Desk-\\server\\src\\services\\notification.service.js\n- C:\\corporate_2\\Online-Corporate-Travel-Desk-\\server\\src\\controllers\\approval.controller.js\n- C:\\corporate_2\\Online-Corporate-Travel-Desk-\\[eval]","level":"warn","message":"Firebase Admin initialization failed. Push notifications will be disabled.","timestamp":"2026-06-11 17:17:59"}
{"error":"Cannot find module '../config/firebase-service-account.json'\nRequire stack:\n- C:\\corporate_2\\Online-Corporate-Travel-Desk-\\server\\src\\services\\notificationDispatcher.service.js\n- C:\\corporate_2\\Online-Corporate-Travel-Desk-\\server\\src\\utils\\notificationService.js\n- C:\\corporate_2\\Online-Corporate-Travel-Desk-\\server\\src\\services\\notification.service.js\n- C:\\corporate_2\\Online-Corporate-Travel-Desk-\\server\\src\\controllers\\booking.controller.js\n- C:\\corporate_2\\Online-Corporate-Travel-Desk-\\[eval]","level":"warn","message":"Firebase Admin initialization failed. Push notifications will be disabled.","timestamp":"2026-06-11 17:18:07"}
{"level":"error","message":"[Redis] Error:","timestamp":"2026-06-11 17:18:07"}
{"level":"error","message":"[Redis] Error:","timestamp":"2026-06-11 17:18:08"}
{"level":"error","message":"[Redis] Error:","timestamp":"2026-06-11 17:18:09"}
{"level":"error","message":"[Redis] Error:","timestamp":"2026-06-11 17:18:10"}
{"level":"error","message":"[Redis] Error:","timestamp":"2026-06-11 17:18:12"}
{"level":"error","message":"[Redis] Error:","timestamp":"2026-06-11 17:18:15"}
{"error":"Cannot find module '../config/firebase-service-account.json'\nRequire stack:\n- C:\\corporate_2\\Online-Corporate-Travel-Desk-\\server\\src\\services\\notificationDispatcher.service.js\n- C:\\corporate_2\\Online-Corporate-Travel-Desk-\\server\\src\\utils\\notificationService.js\n- C:\\corporate_2\\Online-Corporate-Travel-Desk-\\server\\src\\services\\notification.service.js\n- C:\\corporate_2\\Online-Corporate-Travel-Desk-\\server\\src\\controllers\\approval.controller.js\n- C:\\corporate_2\\Online-Corporate-Travel-Desk-\\[eval]","level":"warn","message":"Firebase Admin initialization failed. Push notifications will be disabled.","timestamp":"2026-06-11 17:31:47"}
{"level":"error","message":"[Redis] Error:","timestamp":"2026-06-11 17:31:49"}
{"level":"error","message":"[Redis] Error:","timestamp":"2026-06-11 17:31:50"}
{"level":"error","message":"[Redis] Error:","timestamp":"2026-06-11 17:31:51"}
{"level":"error","message":"[Redis] Error:","timestamp":"2026-06-11 17:31:52"}
{"level":"error","message":"[Redis] Error:","timestamp":"2026-06-11 17:31:54"}
{"level":"error","message":"[Redis] Error:","timestamp":"2026-06-11 17:31:57"}
{"error":"Cannot find module '../config/firebase-service-account.json'\nRequire stack:\n- C:\\corporate_2\\Online-Corporate-Travel-Desk-\\server\\src\\services\\notificationDispatcher.service.js\n- C:\\corporate_2\\Online-Corporate-Travel-Desk-\\server\\src\\utils\\notificationService.js\n- C:\\corporate_2\\Online-Corporate-Travel-Desk-\\server\\src\\services\\notification.service.js\n- C:\\corporate_2\\Online-Corporate-Travel-Desk-\\server\\src\\controllers\\approval.controller.js\n- C:\\corporate_2\\Online-Corporate-Travel-Desk-\\[eval]","level":"warn","message":"Firebase Admin initialization failed. Push notifications will be disabled.","timestamp":"2026-06-11 18:04:33"}
{"error":"Cannot find module '../config/firebase-service-account.json'\nRequire stack:\n- C:\\corporate_2\\Online-Corporate-Travel-Desk-\\server\\src\\services\\notificationDispatcher.service.js\n- C:\\corporate_2\\Online-Corporate-Travel-Desk-\\server\\src\\utils\\notificationService.js\n- C:\\corporate_2\\Online-Corporate-Travel-Desk-\\server\\src\\notifications\\orchestrator.js\n- C:\\corporate_2\\Online-Corporate-Travel-Desk-\\server\\src\\controllers\\corporate.related.controller.js\n- C:\\corporate_2\\Online-Corporate-Travel-Desk-\\[eval]","level":"warn","message":"Firebase Admin initialization failed. Push notifications will be disabled.","timestamp":"2026-06-11 18:04:45"}
